<?xml version="1.0" encoding="utf-8"?><testsuites name="pytest tests"><testsuite name="pytest" errors="0" failures="0" skipped="0" tests="12" time="14.825" timestamp="2026-04-22T20:07:44.074556+00:00" hostname="agent-env-137275d7-0916-46f0-884d-723a759b40b3"><testcase classname="backend.tests.test_fleet.TestFleetStats" name="test_stats_shape_and_values" time="0.667" /><testcase classname="backend.tests.test_fleet.TestVehicles" name="test_list_vehicles_seeded" time="0.172" /><testcase classname="backend.tests.test_fleet.TestVehicles" name="test_create_patch_position_delete" time="0.981" /><testcase classname="backend.tests.test_fleet.TestDrivers" name="test_list_drivers_seeded" time="0.189" /><testcase classname="backend.tests.test_fleet.TestDrivers" name="test_crud" time="0.388" /><testcase classname="backend.tests.test_fleet.TestTrips" name="test_list_trips" time="0.138" /><testcase classname="backend.tests.test_fleet.TestTrips" name="test_status_filter" time="0.176" /><testcase classname="backend.tests.test_fleet.TestTrips" name="test_simulate_incoming_trip_assigns_nearest" time="0.236" /><testcase classname="backend.tests.test_fleet.TestTrips" name="test_complete_trip_frees_vehicle_and_increments_driver" time="0.954" /><testcase classname="backend.tests.test_fleet.TestTrips" name="test_cancel_trip_frees_vehicle" time="0.478" /><testcase classname="backend.tests.test_fleet.TestTrips" name="test_assign_409_when_no_available" time="9.228" /><testcase classname="backend.tests.test_fleet.TestTenantIsolation" name="test_other_tenant_cannot_see_acme_fleet" time="1.034" /></testsuite></testsuites>