<?xml version="1.0" encoding="utf-8"?><testsuites name="pytest tests"><testsuite name="pytest" errors="3" failures="0" skipped="0" tests="25" time="44.587" timestamp="2026-04-22T19:39:12.365262+00:00" hostname="agent-env-137275d7-0916-46f0-884d-723a759b40b3"><testcase classname="backend.tests.test_forms_sales_calendar.TestFormsCRUD" name="test_list_forms" time="0.633" /><testcase classname="backend.tests.test_forms_sales_calendar.TestFormsCRUD" name="test_list_forms_unauth" time="0.181" /><testcase classname="backend.tests.test_forms_sales_calendar.TestFormsCRUD" name="test_create_form_default_fields" time="0.242" /><testcase classname="backend.tests.test_forms_sales_calendar.TestFormsCRUD" name="test_patch_form" time="0.256" /><testcase classname="backend.tests.test_forms_sales_calendar.TestFormsCRUD" name="test_patch_unknown_404" time="0.110" /><testcase classname="backend.tests.test_forms_sales_calendar.TestFormsCRUD" name="test_no_id_leakage" time="0.165" /><testcase classname="backend.tests.test_forms_sales_calendar.TestPublicForm" name="test_public_get_active" time="0.157" /><testcase classname="backend.tests.test_forms_sales_calendar.TestPublicForm" name="test_public_get_unknown_404" time="0.109" /><testcase classname="backend.tests.test_forms_sales_calendar.TestPublicForm" name="test_public_get_disabled_404" time="0.468" /><testcase classname="backend.tests.test_forms_sales_calendar.TestPublicForm" name="test_public_submit_creates_lead_and_activity" time="0.868" /><testcase classname="backend.tests.test_forms_sales_calendar.TestPublicForm" name="test_public_submit_empty_400" time="0.107" /><testcase classname="backend.tests.test_forms_sales_calendar.TestPublicForm" name="test_honeypot_no_lead_created" time="0.831" /><testcase classname="backend.tests.test_forms_sales_calendar.TestPublicForm" name="test_submissions_endpoint" time="0.125" /><testcase classname="backend.tests.test_forms_sales_calendar.TestPublicForm" name="test_embed_js" time="0.117" /><testcase classname="backend.tests.test_forms_sales_calendar.TestPublicForm" name="test_rate_limit_429" time="1.570" /><testcase classname="backend.tests.test_forms_sales_calendar.TestFormsIsolation" name="test_other_tenant_cannot_see_forms" time="0.338"><error message="failed on setup with &quot;assert None&quot;">backend/tests/test_forms_sales_calendar.py:61: in second_tenant_headers
    assert token
E   assert None</error></testcase><testcase classname="backend.tests.test_forms_sales_calendar.TestFormsIsolation" name="test_other_tenant_cannot_see_submissions" time="0.000"><error message="failed on setup with &quot;assert None&quot;">backend/tests/test_forms_sales_calendar.py:61: in second_tenant_headers
    assert token
E   assert None</error></testcase><testcase classname="backend.tests.test_forms_sales_calendar.TestQuotations" name="test_create_computes_totals_and_number" time="0.106" /><testcase classname="backend.tests.test_forms_sales_calendar.TestQuotations" name="test_list_quotations" time="0.105" /><testcase classname="backend.tests.test_forms_sales_calendar.TestQuotations" name="test_patch_recomputes_totals" time="0.125" /><testcase classname="backend.tests.test_forms_sales_calendar.TestQuotations" name="test_patch_status_only" time="0.113" /><testcase classname="backend.tests.test_forms_sales_calendar.TestQuotations" name="test_create_quote_from_opportunity" time="0.352" /><testcase classname="backend.tests.test_forms_sales_calendar.TestOrders" name="test_convert_quote_to_order" time="1.013" /><testcase classname="backend.tests.test_forms_sales_calendar.TestCalendar" name="test_calendar_range_filter" time="36.129" /><testcase classname="backend.tests.test_forms_sales_calendar.TestSalesCalendarIsolation" name="test_other_tenant_no_quotes_orders_events" time="0.219"><error message="failed on setup with &quot;assert None&quot;">backend/tests/test_forms_sales_calendar.py:61: in second_tenant_headers
    assert token
E   assert None</error></testcase></testsuite></testsuites>