<?xml version="1.0" encoding="utf-8"?><testsuites name="pytest tests"><testsuite name="pytest" errors="0" failures="1" skipped="0" tests="24" time="8.851" timestamp="2026-04-22T19:20:24.270149+00:00" hostname="agent-env-137275d7-0916-46f0-884d-723a759b40b3"><testcase classname="backend.tests.backend_test" name="test_health_root" time="0.248" /><testcase classname="backend.tests.backend_test.TestAuth" name="test_login_success" time="0.340" /><testcase classname="backend.tests.backend_test.TestAuth" name="test_login_bad_credentials" time="0.187" /><testcase classname="backend.tests.backend_test.TestAuth" name="test_brute_force_lockout" time="0.703"><failure message="AssertionError: Expected 429 after 6 bad attempts, got 401&#10;assert 401 == 429">backend/tests/backend_test.py:85: in test_brute_force_lockout
    assert last_status == 429, f"Expected 429 after 6 bad attempts, got {last_status}"
E   AssertionError: Expected 429 after 6 bad attempts, got 401
E   assert 401 == 429</failure></testcase><testcase classname="backend.tests.backend_test.TestAuth" name="test_me_with_bearer" time="0.473" /><testcase classname="backend.tests.backend_test.TestAuth" name="test_me_no_token" time="0.115" /><testcase classname="backend.tests.backend_test.TestAuth" name="test_logout" time="0.133" /><testcase classname="backend.tests.backend_test.TestAuth" name="test_register_new_company" time="0.721" /><testcase classname="backend.tests.backend_test.TestAuth" name="test_register_duplicate" time="0.106" /><testcase classname="backend.tests.backend_test.TestAuth" name="test_refresh_via_cookie" time="0.396" /><testcase classname="backend.tests.backend_test.TestAuth" name="test_refresh_no_token" time="0.170" /><testcase classname="backend.tests.backend_test.TestAuth" name="test_google_session_invalid" time="0.240" /><testcase classname="backend.tests.backend_test.TestDashboard" name="test_stats_shape" time="0.126" /><testcase classname="backend.tests.backend_test.TestDashboard" name="test_stats_unauth" time="0.148" /><testcase classname="backend.tests.backend_test.TestLeads" name="test_list_leads" time="0.109" /><testcase classname="backend.tests.backend_test.TestLeads" name="test_create_get_update_delete_lead" time="0.596" /><testcase classname="backend.tests.backend_test.TestLeads" name="test_convert_lead" time="0.743" /><testcase classname="backend.tests.backend_test.TestOpportunities" name="test_crud_and_stage" time="0.529" /><testcase classname="backend.tests.backend_test.TestOpportunities" name="test_list_no_id_leak" time="0.113" /><testcase classname="backend.tests.backend_test.TestContacts" name="test_list_and_search" time="0.227" /><testcase classname="backend.tests.backend_test.TestContacts" name="test_create_update_delete" time="0.336" /><testcase classname="backend.tests.backend_test.TestActivities" name="test_crud_and_toggle" time="0.609" /><testcase classname="backend.tests.backend_test.TestSearch" name="test_grouped_results" time="0.126" /><testcase classname="backend.tests.backend_test.TestTenantIsolation" name="test_other_company_cannot_see_admin_data" time="1.229" /></testsuite></testsuites>